# Logfile created on 2019-12-13 16:25:25 +0100 by logger.rb/66358
  INFO ---------------------------------------------------------------------------
  INFO START 2019-12-13 16:25:25 +0100 cap local
  INFO ---------------------------------------------------------------------------
  INFO ---------------------------------------------------------------------------
  INFO START 2019-12-13 16:25:38 +0100 cap local deploy:setup
  INFO ---------------------------------------------------------------------------
  INFO [07893e32] Running /usr/bin/env mkdir -p /Users/shihadeh/personal/swarm_orcs_deployments/platform_services/shared /Users/shihadeh/personal/swarm_orcs_deployments/platform_services/releases as shihadeh@localhost
 DEBUG [07893e32] Command: /usr/bin/env mkdir -p /Users/shihadeh/personal/swarm_orcs_deployments/platform_services/shared /Users/shihadeh/personal/swarm_orcs_deployments/platform_services/releases
  INFO [07893e32] Finished in 0.013 seconds with exit status 0 (successful).
 DEBUG [64318cf6] Running [ -f /Users/shihadeh/personal/swarm_orcs_deployments/platform_services/current/REVISION ] as shihadeh@localhost
 DEBUG [64318cf6] Command: [ -f /Users/shihadeh/personal/swarm_orcs_deployments/platform_services/current/REVISION ]
 DEBUG [64318cf6] Finished in 0.008 seconds with exit status 256 (failed).
  INFO [56aed117] Running tar -C /Users/shihadeh/personal/platform_services -czf /tmp/s_1576250738.tar.gz . as shihadeh@localhost
 DEBUG [56aed117] Command: tar -C /Users/shihadeh/personal/platform_services -czf /tmp/s_1576250738.tar.gz .
  INFO [56aed117] Finished in 0.116 seconds with exit status 0 (successful).
  INFO Upload packages to localhost
  INFO [e3b6ddd1] Running rm -f /tmp/s_1576250738.tar.gz as shihadeh@localhost
 DEBUG [e3b6ddd1] Command: rm -f /tmp/s_1576250738.tar.gz
  INFO [e3b6ddd1] Finished in 0.007 seconds with exit status 0 (successful).
 DEBUG [c04d0fdd] Running [ -f /tmp/1576250738.tar.gz ] as shihadeh@localhost
 DEBUG [c04d0fdd] Command: [ -f /tmp/1576250738.tar.gz ]
 DEBUG [c04d0fdd] Finished in 0.005 seconds with exit status 0 (successful).
  INFO Create Release folder
  INFO [467713cb] Running /usr/bin/env mkdir -p /Users/shihadeh/personal/swarm_orcs_deployments/platform_services/releases/20191213152538 as shihadeh@localhost
 DEBUG [467713cb] Command: /usr/bin/env mkdir -p /Users/shihadeh/personal/swarm_orcs_deployments/platform_services/releases/20191213152538
  INFO [467713cb] Finished in 0.007 seconds with exit status 0 (successful).
  INFO [6e31ba62] Running tar -xzmf /tmp/1576250738.tar.gz -C /Users/shihadeh/personal/swarm_orcs_deployments/platform_services/releases/20191213152538 as shihadeh@localhost
 DEBUG [6e31ba62] Command: tar -xzmf /tmp/1576250738.tar.gz -C /Users/shihadeh/personal/swarm_orcs_deployments/platform_services/releases/20191213152538
  INFO [6e31ba62] Finished in 0.029 seconds with exit status 0 (successful).
  INFO [954af5dc] Running /usr/bin/env rm /tmp/1576250738.tar.gz as shihadeh@localhost
 DEBUG [954af5dc] Command: /usr/bin/env rm /tmp/1576250738.tar.gz
  INFO [954af5dc] Finished in 0.008 seconds with exit status 0 (successful).
 DEBUG [32a6a0e8] Running if test ! -d /Users/shihadeh/personal/swarm_orcs_deployments/platform_services/releases/20191213152538; then echo "Directory does not exist '/Users/shihadeh/personal/swarm_orcs_deployments/platform_services/releases/20191213152538'" 1>&2; false; fi as shihadeh@localhost
 DEBUG [32a6a0e8] Command: if test ! -d /Users/shihadeh/personal/swarm_orcs_deployments/platform_services/releases/20191213152538; then echo "Directory does not exist '/Users/shihadeh/personal/swarm_orcs_deployments/platform_services/releases/20191213152538'" 1>&2; false; fi
 DEBUG [32a6a0e8] Finished in 0.010 seconds with exit status 0 (successful).
  INFO [f1169e62] Running /usr/bin/env echo "1576250738" >> REVISION as shihadeh@localhost
 DEBUG [f1169e62] Command: cd /Users/shihadeh/personal/swarm_orcs_deployments/platform_services/releases/20191213152538 && /usr/bin/env echo "1576250738" >> REVISION
  INFO [f1169e62] Finished in 0.024 seconds with exit status 0 (successful).
  INFO [ff0a88b9] Running /usr/bin/env ln -s /Users/shihadeh/personal/swarm_orcs_deployments/platform_services/releases/20191213152538 /Users/shihadeh/personal/swarm_orcs_deployments/platform_services/releases/current as shihadeh@localhost
 DEBUG [ff0a88b9] Command: /usr/bin/env ln -s /Users/shihadeh/personal/swarm_orcs_deployments/platform_services/releases/20191213152538 /Users/shihadeh/personal/swarm_orcs_deployments/platform_services/releases/current
  INFO [ff0a88b9] Finished in 0.010 seconds with exit status 0 (successful).
  INFO [31c82a96] Running /usr/bin/env mv /Users/shihadeh/personal/swarm_orcs_deployments/platform_services/releases/current /Users/shihadeh/personal/swarm_orcs_deployments/platform_services as shihadeh@localhost
 DEBUG [31c82a96] Command: /usr/bin/env mv /Users/shihadeh/personal/swarm_orcs_deployments/platform_services/releases/current /Users/shihadeh/personal/swarm_orcs_deployments/platform_services
  INFO [31c82a96] Finished in 0.012 seconds with exit status 0 (successful).
 DEBUG [31747199] Running /usr/bin/env ls -x /Users/shihadeh/personal/swarm_orcs_deployments/platform_services/releases as shihadeh@localhost
 DEBUG [31747199] Command: /usr/bin/env ls -x /Users/shihadeh/personal/swarm_orcs_deployments/platform_services/releases
 DEBUG [31747199] 	20191213152538
 DEBUG [31747199] Finished in 0.013 seconds with exit status 0 (successful).
 DEBUG [0ec688b3] Running if test ! -d /Users/shihadeh/personal/swarm_orcs_deployments/platform_services/releases; then echo "Directory does not exist '/Users/shihadeh/personal/swarm_orcs_deployments/platform_services/releases'" 1>&2; false; fi as shihadeh@localhost
 DEBUG [0ec688b3] Command: if test ! -d /Users/shihadeh/personal/swarm_orcs_deployments/platform_services/releases; then echo "Directory does not exist '/Users/shihadeh/personal/swarm_orcs_deployments/platform_services/releases'" 1>&2; false; fi
 DEBUG [0ec688b3] Finished in 0.006 seconds with exit status 0 (successful).
  INFO [6f251f38] Running /usr/bin/env echo "Copy deploy (at 1576250738) deployed as release 20191213152538 by shihadeh" >> /Users/shihadeh/personal/swarm_orcs_deployments/platform_services/revisions.log as shihadeh@localhost
 DEBUG [6f251f38] Command: cd /Users/shihadeh/personal/swarm_orcs_deployments/platform_services/releases && /usr/bin/env echo "Copy deploy (at 1576250738) deployed as release 20191213152538 by shihadeh" >> /Users/shihadeh/personal/swarm_orcs_deployments/platform_services/revisions.log
  INFO [6f251f38] Finished in 0.011 seconds with exit status 0 (successful).
 DEBUG [c920cd7d] Running if test ! -d /Users/shihadeh/personal/swarm_orcs_deployments/platform_services/releases; then echo "Directory does not exist '/Users/shihadeh/personal/swarm_orcs_deployments/platform_services/releases'" 1>&2; false; fi as shihadeh@localhost
 DEBUG [c920cd7d] Command: if test ! -d /Users/shihadeh/personal/swarm_orcs_deployments/platform_services/releases; then echo "Directory does not exist '/Users/shihadeh/personal/swarm_orcs_deployments/platform_services/releases'" 1>&2; false; fi
 DEBUG [c920cd7d] Finished in 0.006 seconds with exit status 0 (successful).
  INFO [e7314e1b] Running /usr/bin/env echo "Copy deploy (at 1576250738) deployed as release 20191213152538 by shihadeh" >> /Users/shihadeh/personal/swarm_orcs_deployments/platform_services/revisions.log as shihadeh@localhost
 DEBUG [e7314e1b] Command: cd /Users/shihadeh/personal/swarm_orcs_deployments/platform_services/releases && /usr/bin/env echo "Copy deploy (at 1576250738) deployed as release 20191213152538 by shihadeh" >> /Users/shihadeh/personal/swarm_orcs_deployments/platform_services/revisions.log
  INFO [e7314e1b] Finished in 0.014 seconds with exit status 0 (successful).
 DEBUG [aeaee2c3] Running mktemp /tmp/ORCA_SSH_SCRIPT_create_network_XXXXXXX as shihadeh@localhost
 DEBUG [aeaee2c3] Command: mktemp /tmp/ORCA_SSH_SCRIPT_create_network_XXXXXXX
 DEBUG [aeaee2c3] 	/tmp/ORCA_SSH_SCRIPT_create_network_Sx0RGe7
 DEBUG [aeaee2c3] Finished in 0.020 seconds with exit status 0 (successful).
  INFO [a8ce199e] Running /usr/bin/env bash /tmp/ORCA_SSH_SCRIPT_create_network_Sx0RGe7 as shihadeh@localhost
 DEBUG [a8ce199e] Command: ( export ENCRYPTION_KEY="" ; /usr/bin/env bash /tmp/ORCA_SSH_SCRIPT_create_network_Sx0RGe7 )
 DEBUG [a8ce199e] 	u3u4ahnt6k3qqnqqs6maw4kwo
  INFO [a8ce199e] Finished in 0.135 seconds with exit status 0 (successful).
  INFO [4a8d5029] Running /usr/bin/env rm /tmp/ORCA_SSH_SCRIPT_* as shihadeh@localhost
 DEBUG [4a8d5029] Command: /usr/bin/env rm /tmp/ORCA_SSH_SCRIPT_*
  INFO [4a8d5029] Finished in 0.014 seconds with exit status 0 (successful).
  INFO ---------------------------------------------------------------------------
  INFO START 2019-12-13 16:25:46 +0100 cap local deploy:all
  INFO ---------------------------------------------------------------------------
 DEBUG [bdfae182] Running mktemp /tmp/ORCA_SSH_SCRIPT_cleanup_XXXXXXX as shihadeh@localhost
 DEBUG [bdfae182] Command: mktemp /tmp/ORCA_SSH_SCRIPT_cleanup_XXXXXXX
 DEBUG [bdfae182] 	/tmp/ORCA_SSH_SCRIPT_cleanup_AfZiyPP
 DEBUG [bdfae182] Finished in 0.005 seconds with exit status 0 (successful).
  INFO [fa2dc053] Running /usr/bin/env bash /tmp/ORCA_SSH_SCRIPT_cleanup_AfZiyPP as shihadeh@localhost
 DEBUG [fa2dc053] Command: ( export ENCRYPTION_KEY="" ; /usr/bin/env bash /tmp/ORCA_SSH_SCRIPT_cleanup_AfZiyPP )
 DEBUG [fa2dc053] 	------------------------------------------------------------
 DEBUG [fa2dc053] 	Removing stopped containers..
 DEBUG [fa2dc053] 	------------------------------------------------------------
 DEBUG [fa2dc053] 	Deleted Containers:
 DEBUG [fa2dc053] 	956e2106741bc53748cc4c9beebcfc145518d295e7a7649de88ca447385e4ecc
 DEBUG [fa2dc053] 	aedcd4b0c1a5dc2d82272ca4c9b4c1f9ac1a51606005338c3978d0aa37f1771e
 DEBUG [fa2dc053] 	67c9acb274914edb3aa31e18cce8c56145c42c3bb567b1f97bc6c4acea4da14d
 DEBUG [fa2dc053] 	847ada8a60c920134a335d803b1e650e802a9f7ee9a85d411975829a867dec4c
 DEBUG [fa2dc053] 	20db8a25b09e2b61b5c001de476a72314dcf6d7bdf8675841b848ad07da8f51a
 DEBUG [fa2dc053] 	25a46b967bd98c34840d246650e01e80266e1c21a8d09d49914adcfe5ed6bbe3
 DEBUG [fa2dc053] 	ab0836ddc49c552090ddfb9baed48538b811baad97fdc8b69e4e06e3bdf1dc26
 DEBUG [fa2dc053] 	0495637fb076ebd55cf88614263901452390b4a8a3192cced3691da1c3d761de
 DEBUG [fa2dc053] 	f7be569a4cf281eb45fd2645763a1619b4397ccc9fbbacb57cb2520676d41220
 DEBUG [fa2dc053] 	00d1ea0b1b8069ddb546e7b95940944d9ffd12e78946cf5b8b66a03d4aeaf796
 DEBUG [fa2dc053] 	3a5455c46a88d1dc1c4e78c626d0c8543a03d2bd1372ff14649d8b6e220bc670
 DEBUG [fa2dc053] 	8a4133d2deb8320c372551eaf98a838222adbce746a3b9188abd3a3aa91238b5
 DEBUG [fa2dc053] 	6e7f9d4ac4523257dedf5a00db659b467456620869071e63f038b142e011a7dd
 DEBUG [fa2dc053] 	2fa287fd892e1160b4ad51a95a553578d6c4841ea9cbc9d1ff1ca328aa0981e8
 DEBUG [fa2dc053] 	9fafb9e80b36c6cef18e8574009103207584500f680651df9736c6465c473757
 DEBUG [fa2dc053] 	a99a94059685391a5e4b1a0f885276561090d17b7ba44f0926a39e813b883911
 DEBUG [fa2dc053] 	c14771a4ba53d94e4e563659dfc00403a65fb03360a8a2046c9b83c6a43d33d0
 DEBUG [fa2dc053] 	4e747aa2c1efd2a87563abda6dc808efa3089515e4cfd198d5d3d258b294fe24
 DEBUG [fa2dc053] 	279daed4f85bfda07869b202de89560975561bd1437289496fb49ef2d6f73d46
 DEBUG [fa2dc053] 	212a9a605d749543978369acb122c715d0d683a2905f1bef2d48a6cfac9838fd
 DEBUG [fa2dc053] 	
 DEBUG [fa2dc053] 	Total reclaimed space: 6.015kB
 DEBUG [fa2dc053] 	------------------------------------------------------------
 DEBUG [fa2dc053] 	Removing unused images...
 DEBUG [fa2dc053] 	------------------------------------------------------------
 DEBUG [fa2dc053] 	Deleted Images:
 DEBUG [fa2dc053] 	untagged: mynginx:latest
 DEBUG [fa2dc053] 	deleted: sha256:979a16c53659954b967cecf2f03a672ac89ce602adf9f549fac5fa9644be5560
 DEBUG [fa2dc053] 	deleted: sha256:130a8406b9eaabb001ddae02e8280da6413f9f9428224ec683ba0037ca29fc46
 DEBUG [fa2dc053] 	untagged: mysql/mysql-server:latest
 DEBUG [fa2dc053] 	untagged: mysql/mysql-server@sha256:2a55d7081363a869ea9ea2513bb31439bae59981530b9d1890b3771a6cebefe9
 DEBUG [fa2dc053] 	deleted: sha256:b172b40598f02dcccde53317b3cec524f00d3fa0b4f3e38b251356c914e8cb62
 DEBUG [fa2dc053] 	deleted: sha256:7da5887687f91cfecf39f34c40c35a03577793f95b0f76f3dc679d7b346bd523
 DEBUG [fa2dc053] 	deleted: sha256:31355355d4acc2cd5e0396b7129dce0c1c4bc628bce7ba3943c3095fde63ef28
 DEBUG [fa2dc053] 	deleted: sha256:e0463b0d0d8116a6cf3cabae8e8e3863bc1a48c1bbaae9aad2eb0e2f212c049b
 DEBUG [fa2dc053] 	deleted: sha256:4fee40bcfecff11f540de853f7f0dc71efbab8c14ea599452b617e215562e3e2
 DEBUG [fa2dc053] 	untagged: nginx@sha256:0e61b143db3110f3b8ae29a67f107d5536b71a7c1f10afb14d4228711fc65a13
 DEBUG [fa2dc053] 	deleted: sha256:a624d888d69ffdc185ed3b9c9c0645e8eaaac843ce59e89f1fbe45b0581e4ef6
 DEBUG [fa2dc053] 	deleted: sha256:60b57e01ef94999ae03f46d8964ddaeba411d0d9d4712cc0d1ce652bcc549031
 DEBUG [fa2dc053] 	deleted: sha256:77cae8ab23bf486355d1b3191259705374f4a11d483b24964d2f729dd8c076a0
 DEBUG [fa2dc053] 	untagged: mysql@sha256:f7985e36c668bb862a0e506f4ef9acdd1254cdf690469816f99633898895f7fa
 DEBUG [fa2dc053] 	deleted: sha256:383867b75fd22e6c8ca3ef2a1042339ec2d5b655365107547eac94e918309b91
 DEBUG [fa2dc053] 	deleted: sha256:a55778c4e2f4455422c81c4fbde7d1825f31e80079f42968c177d6939f979dd8
 DEBUG [fa2dc053] 	deleted: sha256:4f5faf77e6509c66ea05900e34fee1de6bedf29d67f094f9a6f2ced4aa98cf89
 DEBUG [fa2dc053] 	deleted: sha256:154c2920aeeab8c9f471df7cb555e8772461f35ee531c97b5164e48e9fa8fc6c
 DEBUG [fa2dc053] 	deleted: sha256:be9ea9bfd398f50d94f40fe767828ba1acb671d54d4eaccc2b3e990ac9c43abe
 DEBUG [fa2dc053] 	deleted: sha256:3951356cf35270d93a4537e9c9cc3c510d5da3903ad5a9e449ca687e2fa9ad8f
 DEBUG [fa2dc053] 	deleted: sha256:4482fb6abbdf1556538e870ae6c95d03070a979f9ccca5e556599460a81ab895
 DEBUG [fa2dc053] 	deleted: sha256:8a6e8667f179ca25c56e948a723d5147eebd0f46402d7c257e6aea3554a8403d
 DEBUG [fa2dc053] 	deleted: sha256:91391649767b7803a7641d1de2545f57de47e8d76d3c387c5a74d6cd15d38642
 DEBUG [fa2dc053] 	deleted: sha256:bebf82de514486504c145d29f5a6618a03ca0ea7501f675e43d0e1c96c485f1e
 DEBUG [fa2dc053] 	deleted: sha256:83a1780743ab2c5bb4bc26da06d589c620fb94f578725ba6f32c05969a7ea923
 DEBUG [fa2dc053] 	deleted: sha256:e9dc98463cd6fd9852dd890db828f0232e95f0d7ab8b3031864e57df0dc6edea
 DEBUG [fa2dc053] 	untagged: wordpress:latest
 DEBUG [fa2dc053] 	untagged: wordpress@sha256:dc5f6894f36e276306a0588f4f6012116efb99baee330967b744fdad6ec33445
 DEBUG [fa2dc053] 	untagged: localhost:5000/shih/mysql:99
 DEBUG [fa2dc053] 	untagged: localhost:5000/shih/mysql@sha256:d65fe268efe7e610ba75f8fca90d2eb74e7a765b9ac9e2662c5ae1deb85b914b
 DEBUG [fa2dc053] 	deleted: sha256:f301ac1d3e938e1376bd1b49565c6370cce14cf1a693a9382d39002584fface8
 DEBUG [fa2dc053] 	deleted: sha256:961d55045a3ee3a96a5ccc80879494ce5de586b79144b42243823939a195e89e
 DEBUG [fa2dc053] 	deleted: sha256:4b2752e24d83227c01d28aab8e67208827cb5a2d5caabfbf97c290d74277a17c
 DEBUG [fa2dc053] 	deleted: sha256:d104cefe55bbcd5b22bc4c79a506c210f770f868547d1a4e6f248861b01deaa3
 DEBUG [fa2dc053] 	deleted: sha256:26d8a9253df8ce724eb8118289c108b528b0807d3319313df0bd2e7f6f2cfe1b
 DEBUG [fa2dc053] 	deleted: sha256:a9217fb522b08712ed0b74db2d6fd9610c9a2a12a7885d038c046456a21ea586
 DEBUG [fa2dc053] 	deleted: sha256:7eca64b66b6bb8914afbe1edc88897fa86fb18ad3ef723e5d90ebb85910a629b
 DEBUG [fa2dc053] 	deleted: sha256:fede8387a764d574652a18367ac1f165e363cefa5f25ce304fd339b6c1b67a6a
 DEBUG [fa2dc053] 	deleted: sha256:d467dc7d626162382c7a933ef36e1f59e688c9540d3b663194e100f081e43364
 DEBUG [fa2dc053] 	deleted: sha256:73b568474a0f792cff36ed7ee95b8ece868b17d5e847527987715a079b6f5104
 DEBUG [fa2dc053] 	deleted: sha256:e4a64c80c9581ae4ba1a2fe754ec00024b37bc295e005837d5895de0c2924cda
 DEBUG [fa2dc053] 	deleted: sha256:50b3232a1a91757c354be7619e5027f123ab2db8b9ea41856252065a8a02969d
 DEBUG [fa2dc053] 	deleted: sha256:7eba01eeecbf73e16ef14c9e2f9715ba87cec8ed1b6aeeafc05eb7f491830570
 DEBUG [fa2dc053] 	deleted: sha256:918e869bf2957a8b2fd4c1795fa33e82bb6348bce3a06e17506aaaec6bf1e64d
 DEBUG [fa2dc053] 	deleted: sha256:10c525a6eea1d83abf9854f072ac9b575ca5a0f05914c07ddaf93daa51e297e6
 DEBUG [fa2dc053] 	deleted: sha256:992f5bdd06a0e992710cb57c26e0b1f81c1ebe471fae06e7c4e57f38791d2427
 DEBUG [fa2dc053] 	deleted: sha256:6cfbf8346c0fe7a8bb2e2c5312e2edb773f3f0b444d72ba8dbee9f6794144cd8
 DEBUG [fa2dc053] 	deleted: sha256:44b9b55ea4a26bd23e337f7d7bdd2a692dccc78e64b460585773e70eb6ce3a49
 DEBUG [fa2dc053] 	deleted: sha256:d4cf6e034ae560179c9feae8ebb01b181393e16040d70ee76c3aaeac8d9db9c8
 DEBUG [fa2dc053] 	deleted: sha256:16362d40e91311cee6918d85161d42614753fa393cba107cbf785479b072d05e
 DEBUG [fa2dc053] 	deleted: sha256:acbb341204ac30e6a049576ffeb3d68e1c05f5ae05913c63365e4e71d618b430
 DEBUG [fa2dc053] 	untagged: k8s.gcr.io/kube-scheduler:v1.14.3
 DEBUG [fa2dc053] 	untagged: k8s.gcr.io/kube-scheduler@sha256:de46560aa956cafb23eb0b6cc48926bc6ff24e337ce3fef6a4895a2ea120c30d
 DEBUG [fa2dc053] 	untagged: docker-prod.fidor.intern:5000/fidor/identity:v1.8.2
 DEBUG [fa2dc053] 	untagged: docker-prod.fidor.intern:5000/fidor/identity@sha256:3cdd47b75c1de08f52316b4eb6a1a390c3efe05a4c45e8aba7611db60f34e45d
 DEBUG [fa2dc053] 	untagged: hub.fidor.intern/fidor/identity:latest
 DEBUG [fa2dc053] 	untagged: hub.fidor.intern/fidor/identity:master
 DEBUG [fa2dc053] 	untagged: hub.fidor.intern/fidor/identity:v1.8.2
 DEBUG [fa2dc053] 	untagged: hub.fidor.intern/fidor/identity@sha256:5fddcaba41ca067947d7e45c55265c1780893fb7006409fa774a0bf4f88660b9
 DEBUG [fa2dc053] 	deleted: sha256:4ac421f8ceb81bca33bc8762d9109584a10c802226f75a7e7c298bb153dcbf7f
 DEBUG [fa2dc053] 	deleted: sha256:80554f7de3bf05fa2029b5bd78b1288f28c86220113b0bbd0f9aa5555d33dcd4
 DEBUG [fa2dc053] 	deleted: sha256:cd27229f10ba686bad4c5f75bc85db34dafc22968ab51cbd07349c3c6bb75761
 DEBUG [fa2dc053] 	deleted: sha256:3397dc3bfd78243092e9f0efdc3c493b30c7d1dfaac3c280cb0bd2eae051bf40
 DEBUG [fa2dc053] 	deleted: sha256:27031f6e1b6d2387bdc09c64199073b2db7649089c99cc2ca7d2a2016038b6ad
 DEBUG [fa2dc053] 	deleted: sha256:ef4ccf95efada447f0c149e0e8fb0f290a73a259f6c515091520756405fabcc4
 DEBUG [fa2dc053] 	untagged: docker-prod.fidor.intern:5000/fidor/redemption-service:fidor-v1.0
 DEBUG [fa2dc053] 	untagged: docker-prod.fidor.intern:5000/fidor/redemption-service@sha256:84b9ada5640eeb9d4d2b31dd15b8451a217e4287d04a114d3f521d78a67ec60b
 DEBUG [fa2dc053] 	untagged: hub.fidor.intern/fidor/redemption-service:fidor-v1.0
 DEBUG [fa2dc053] 	untagged: hub.fidor.intern/fidor/redemption-service@sha256:84b9ada5640eeb9d4d2b31dd15b8451a217e4287d04a114d3f521d78a67ec60b
 DEBUG [fa2dc053] 	deleted: sha256:10fc81d547a89fda535f80027f224904366ec59ac508f07ef7596d0a057dcfeb
 DEBUG [fa2dc053] 	deleted: sha256:05d93c19bec67d0ba65e267daf7fbde077f5c91a95a1de7ec9fca687e6cad075
 DEBUG [fa2dc053] 	deleted: sha256:a8a3cbd0a2b24e486ac5416b41906183503b5e3aa3a4843b142a72655cdb856b
 DEBUG [fa2dc053] 	deleted: sha256:76e6b174c57a2e1bcccbbd44990c1f1b4d7a32fcdda97e7938109cfe445b5039
 DEBUG [fa2dc053] 	deleted: sha256:7f6c575ea8a36317f6b14bdefddf4c0d220fbad9fe299254aa18f912c72a83d5
 DEBUG [fa2dc053] 	deleted: sha256:ace5ef453988885da0fe8832cd8e55ecbbb59faf9a179e9ed67e614fa9913cfb
 DEBUG [fa2dc053] 	deleted: sha256:aca0f2a629deb4eddcd4119121ea3e28f38fa05cd27a55950255f6d835fcd375
 DEBUG [fa2dc053] 	deleted: sha256:8721bfd1cdd7c420d531752efc6698b6451499a29eb6709f1f7a8efa471d049f
 DEBUG [fa2dc053] 	deleted: sha256:e8814b498fa4f9cf61a5030ee8b502a9816ce8399c0ed312f80f57fe63a2fe09
 DEBUG [fa2dc053] 	deleted: sha256:4fb0ce75d94ff536f872347b8b35cf727b541dd3dc575510a69267df55e69ae6
 DEBUG [fa2dc053] 	deleted: sha256:9007f5987db353ec398a223bc5a135c5a9601798ba20a1abba537ea2f8ac765f
 DEBUG [fa2dc053] 	untagged: hub.fidor.intern/yedes/sample_app:v2
 DEBUG [fa2dc053] 	untagged: hub.fidor.intern/yedes/sample_app@sha256:becf99fe05c273d442f6c8a74f3a082b2dfd5b75d9a5722437b547ed5c75fbb9
 DEBUG [fa2dc053] 	deleted: sha256:8129ce091cb79aa2004464b1abcf4218a1dabcd00296f36d126e40dd0d6e79ab
 DEBUG [fa2dc053] 	deleted: sha256:6881917af851159a6b11b826b22f77c91c7c6b4dec552ae81f33e7860eb7246f
 DEBUG [fa2dc053] 	untagged: k8s.gcr.io/kubernetes-dashboard-amd64:v1.10.1
 DEBUG [fa2dc053] 	untagged: k8s.gcr.io/kubernetes-dashboard-amd64@sha256:0ae6b69432e78069c5ce2bcde0fe409c5c4d6f0f4d9cd50a17974fea38898747
 DEBUG [fa2dc053] 	untagged: sonarqube:7.7-community
 DEBUG [fa2dc053] 	untagged: sonarqube@sha256:15eb5cf8013f6b18049f32e2b6e5fcdd585c5c93766c7f4df393c6ba1937bfb4
 DEBUG [fa2dc053] 	untagged: mysql:5.7
 DEBUG [fa2dc053] 	untagged: mysql@sha256:5779c71a4730da36f013a23a437b5831198e68e634575f487d37a0639470e3a8
 DEBUG [fa2dc053] 	untagged: localhost:500/mysql:5.7
 DEBUG [fa2dc053] 	untagged: localhost:500/shih/mysql:5.7
 DEBUG [fa2dc053] 	untagged: localhost:5000/mysql:5.7
 DEBUG [fa2dc053] 	untagged: localhost:5000/mysql@sha256:9e02c7c9a87d363588e85c87b8c6f637254c5c67b915b1666482f54121bb0926
 DEBUG [fa2dc053] 	untagged: localhost:5000/shih/mysql:5.7
 DEBUG [fa2dc053] 	untagged: localhost:5000/shih/mysql@sha256:9e02c7c9a87d363588e85c87b8c6f637254c5c67b915b1666482f54121bb0926
 DEBUG [fa2dc053] 	deleted: sha256:1e4405fe1ea9e45247b512b578d5563e70fef24889ca6fa01336b4c05ddf2dc3
 DEBUG [fa2dc053] 	deleted: sha256:6c1f0bd364c236676b089c7e0e681f525c9bda54a2756a5414086846aadd5b2a
 DEBUG [fa2dc053] 	deleted: sha256:8edbd8112bf7941fc923b38fba627953f7f7bf4c87d958c2aff32d118fde09a0
 DEBUG [fa2dc053] 	deleted: sha256:c6f708b845d4fe1d1199e6c5c3f59ddfa141464d69d954f233db7c15c565c90f
 DEBUG [fa2dc053] 	deleted: sha256:133e1235076c3b02c5e8b8ff2a64f478929e6b5908fc51a123c53337b6b5c94d
 DEBUG [fa2dc053] 	untagged: calhost:5000/nginx:latest
 DEBUG [fa2dc053] 	untagged: k8s.gcr.io/pause:3.1
 DEBUG [fa2dc053] 	untagged: k8s.gcr.io/pause@sha256:f78411e19d84a252e53bff71a4407a5686c46983a2c2eeed83929b888179acea
 DEBUG [fa2dc053] 	untagged: registry:2.6
 DEBUG [fa2dc053] 	untagged: registry@sha256:6cab8c43c5288e6efa87df48019ccf6148def11e6de6fafd8e5270c2b4cdba0e
 DEBUG [fa2dc053] 	deleted: sha256:d5ef411ad932291d7733fe7188a1515b1db7bd6e69222a13929cdc5315d21fb0
 DEBUG [fa2dc053] 	deleted: sha256:3cdee9324f90813eac3c4094af9a9bfa3ed9baba4731fd302be77fe517ace9ed
 DEBUG [fa2dc053] 	deleted: sha256:9834f7778ff32eddaf61f0c7bf12c7d05bf8f624fd5c810c35d084c341b624e5
 DEBUG [fa2dc053] 	deleted: sha256:06875a7885e50007b33c2dcf63199ea38af0ef055ed687951406cd5d4ddd3389
 DEBUG [fa2dc053] 	deleted: sha256:6485b2b96ca0f57b2d0ac19959a9e44227a2040a807e4e8812afd102f1e6d8de
 DEBUG [fa2dc053] 	deleted: sha256:d9ff549177a94a413c425ffe14ae1cc0aa254bc9c7df781add08e7d2fba25d27
 DEBUG [fa2dc053] 	untagged: nginx@sha256:8e05c1256640382a6ea4452fb90c031ce3938315363a5fecc9bda792ee700f71
 DEBUG [fa2dc053] 	deleted: sha256:89749ed4f17d9e42cfe3182bc08ee5978f82aca2cb21ed09e0ba35dbb46bd875
 DEBUG [fa2dc053] 	deleted: sha256:b6495415ebd21b86167e147196e4844df580867e930d74df03e1cca95d90edf1
 DEBUG [fa2dc053] 	deleted: sha256:4d708714b1c5bf3e3fa3c198600fef68c0d9a77329c096724c83b4fee81368a1
 DEBUG [fa2dc053] 	untagged: hub.fidor.intern/yedes/sample_app:v1
 DEBUG [fa2dc053] 	untagged: hub.fidor.intern/yedes/sample_app@sha256:2c3276dd7ae292bd9e8736e6e0c7b28e7ee3493b79a9212adeaad5427b7d608e
 DEBUG [fa2dc053] 	deleted: sha256:a06ec7530d94711a3c1dc2a5066a351e1b786113ea05fd4982a68a91a4fdc062
 DEBUG [fa2dc053] 	deleted: sha256:b597aca84678ab634c5549eab9928b5156c63458cc3345b6d8a5f73bed1ea21f
 DEBUG [fa2dc053] 	deleted: sha256:c3b79e816cb8d97b155882ff83c3e4843babc3d24e167b53240c237e00f4cfc1
 DEBUG [fa2dc053] 	deleted: sha256:5a75c0611c6781aa16adca3e35d9149fd4a5c2ee83eb6b564317a705f01ac16b
 DEBUG [fa2dc053] 	deleted: sha256:5d50d4859b375709ce8de59449b3ff004958176474e8e188004602d42c7c62a3
 DEBUG [fa2dc053] 	deleted: sha256:8d68524e7553379cd73ddeea2ce7e9c64293ef349d8a79d9334407b62ab23e71
 DEBUG [fa2dc053] 	deleted: sha256:3c270c5137945c5770c77ef813a3d508efab0d94478b78ef80a4a0b914ec2c4e
 DEBUG [fa2dc053] 	deleted: sha256:e520c9b601b87d5f18893259522791c89ec332f5b6746b3dc6b3771d4f0832f3
 DEBUG [fa2dc053] 	deleted: sha256:fa031a73ead41067f4f351aeea2c99fa56813e89d861d218d7ef573f207388f2
 DEBUG [fa2dc053] 	deleted: sha256:422aeb0b9f788a386d3bd58ea188150f067a42ed9663b390eebe82e603b5de89
 DEBUG [fa2dc053] 	deleted: sha256:dd30202bc0a641c9fb36d151690082bc5d495c0a43cf869cea6ce899b32049bc
 DEBUG [fa2dc053] 	deleted: sha256:b62cf2c025d4035e5a0b5fe08f5f9a84a518d9cf1898481a533bc67c8354f1ae
 DEBUG [fa2dc053] 	deleted: sha256:fe4c16cbf7a4c70a5462654cf2c8f9f69778db280f235229bd98cf8784e878e4
 DEBUG [fa2dc053] 	untagged: sonatype/nexus3:latest
 DEBUG [fa2dc053] 	untagged: sonatype/nexus3@sha256:2c33632ccd8f8c5f9023a3d7f5f541e271833e402219f8c5a83a29d1721457ca
 DEBUG [fa2dc053] 	untagged: localhost:5000/shih/mysql:9990
 DEBUG [fa2dc053] 	untagged: localhost:5000/shih/mysql@sha256:2c33632ccd8f8c5f9023a3d7f5f541e271833e402219f8c5a83a29d1721457ca
 DEBUG [fa2dc053] 	deleted: sha256:8eb898be2a53434ed2310948ef1d4eb52d8298d400f0414d1fc5448cb10c1dc1
 DEBUG [fa2dc053] 	deleted: sha256:805cb07a89155e5c0f4bc76c99a0c48387dca5bc9ded98d6c26ec24498775b83
 DEBUG [fa2dc053] 	deleted: sha256:9ede940fdd7be4257ab32a4dcd009170d8ca0bb55e8b5abfc76fec0352b32627
 DEBUG [fa2dc053] 	deleted: sha256:50a282ae79f4ac242c017351b55ca60a8ba99ad8b31b4a5084cbaf4288e2201c
 DEBUG [fa2dc053] 	deleted: sha256:6866631b657ec5662f4faf948c771d9585a8ea005b1373360ada0a4507cd5c09
 DEBUG [fa2dc053] 	untagged: docker-prod.fidor.intern:5000/fidor/redemption-service:o2-v1.0
 DEBUG [fa2dc053] 	untagged: docker-prod.fidor.intern:5000/fidor/redemption-service@sha256:ef3429b6d2f8c5c0b6bd9654e4cdb5e29b9b905b664bfbc0fb4680f8641691fb
 DEBUG [fa2dc053] 	untagged: hub.fidor.intern/fidor/redemption-service:o2-v1.0
 DEBUG [fa2dc053] 	untagged: hub.fidor.intern/fidor/redemption-service@sha256:ef3429b6d2f8c5c0b6bd9654e4cdb5e29b9b905b664bfbc0fb4680f8641691fb
 DEBUG [fa2dc053] 	deleted: sha256:b1b31425f6bf747999c8ceed8a5aff5494cdb67de5be7ca2c29ad9ad9a6d5462
 DEBUG [fa2dc053] 	deleted: sha256:2c768549627377d439172e9b4ead9ef4db67636a3c4fb9f2be649252dccb58c4
 DEBUG [fa2dc053] 	deleted: sha256:a49608b40f05186794c8d714e50d4134ed3180d88f4ee550f9e1d339fbebce88
 DEBUG [fa2dc053] 	deleted: sha256:d75f7c1dbe70c147036e96a24cab99eadfbfdffea39ad391f25f54856d4ee326
 DEBUG [fa2dc053] 	deleted: sha256:5090dda1c54d0c4f6f07dd1605a708bcc5ff42d5c11fbe267d99870a05d2f82e
 DEBUG [fa2dc053] 	deleted: sha256:9fe58778d0e34ba29aa351dd9168ac6d5544f12313d0977f348f80c82405d4e2
 DEBUG [fa2dc053] 	deleted: sha256:0e763eb85561d04f1f110a886560bfcebf5f63e6f644da00a68e0aa9166eb4a8
 DEBUG [fa2dc053] 	deleted: sha256:0c0f8624148df0c746fdaf88ddc07e51aaed59453733828f5adbf1379a5f652e
 DEBUG [fa2dc053] 	deleted: sha256:154dc6b3b99fecc8e2b264bbb71b741d2928e1725c16592b95be08880ebf596c
 DEBUG [fa2dc053] 	deleted: sha256:abb435de6c24ab13f3f7393f4d425e9aa844066836a5d6eb00dee4baa8842eab
 DEBUG [fa2dc053] 	deleted: sha256:4fe15f8d0ae69e169824f25f1d4da3015a48feeeeebb265cd2e328e15c6a869f
 DEBUG [fa2dc053] 	untagged: docker-prod.fidor.intern:5000/fidor/loyalty:release_v1.9.3
 DEBUG [fa2dc053] 	untagged: docker-prod.fidor.intern:5000/fidor/loyalty@sha256:e9cde5fb427b7a59c2713e5fe009053dd9406bcb5ba3016557a4843f73b12169
 DEBUG [fa2dc053] 	untagged: hub.fidor.intern/fidor/loyalty:release_v1.9.3
 DEBUG [fa2dc053] 	deleted: sha256:18c397a7b8828349acc25b47a18f370f3bdeddf3d36c696199b063a320e1c820
 DEBUG [fa2dc053] 	deleted: sha256:db41c519f06a143c7d6c6b70c5a433fd95ec85198044673433ef4902d0df4120
 DEBUG [fa2dc053] 	deleted: sha256:171d2e34cf1cea3d97928dd1cc4d3252be6a3aee4aab612bb80d209606f5c309
 DEBUG [fa2dc053] 	deleted: sha256:5e4e40770770baa55772098fad13de3df1083733f69abc411707c7b32f49b947
 DEBUG [fa2dc053] 	deleted: sha256:856983cbe46fca078b0db296874d985680ca3332f732b6d32c6eead0077f370e
 DEBUG [fa2dc053] 	deleted: sha256:eb5530ef096d40b3e5fba99036b8fff81c552e660d3157d6af3b64c15fab99c1
 DEBUG [fa2dc053] 	deleted: sha256:85d1a796e870346d9b0c87ef9b53203c8e2ec9ed83e6df5a492ac992083f4465
 DEBUG [fa2dc053] 	deleted: sha256:9b4ac8e35847b09d8d53131e3db5d3c29f7995aa95a81ce200da364ec55c8615
 DEBUG [fa2dc053] 	deleted: sha256:701463c85666f37aa464a8b939e786854bb1a635f13e9e7b028886a3242ac789
 DEBUG [fa2dc053] 	deleted: sha256:0971a5aaa91e2bf721e0a1c8136b588d7fb9bbc0bdcb101b26a440fcefa112d5
 DEBUG [fa2dc053] 	deleted: sha256:000c2a34973ed69e5e615dfe34312b7beb3a948b90ac035752fc8078e589dfbc
 DEBUG [fa2dc053] 	deleted: sha256:22996226bdbe0407bc660cda1fa910c909a2d98c5ef7dac6b694fa58a7bcfbba
 DEBUG [fa2dc053] 	deleted: sha256:011b303988d241a4ae28a6b82b0d8262751ef02910f0ae2265cb637504b72e36
 DEBUG [fa2dc053] 	untagged: hub.fidor.intern/devops/sonarqube:310a9d93a2af66a0dfb24bfbe29034f13b0ab94d
 DEBUG [fa2dc053] 	untagged: hub.fidor.intern/devops/sonarqube:7.7-community
 DEBUG [fa2dc053] 	untagged: hub.fidor.intern/devops/sonarqube@sha256:7247c75b2f2f1d074b43076969cfbedc7e1324f2e40cc8db6ceceb89bb07dd90
 DEBUG [fa2dc053] 	untagged: localhost:5000/nginx@sha256:7247c75b2f2f1d074b43076969cfbedc7e1324f2e40cc8db6ceceb89bb07dd90
 DEBUG [fa2dc053] 	deleted: sha256:2be208b9753086400e6148a77072dd2ed8023ddfd190322680c868ed51610512
 DEBUG [fa2dc053] 	deleted: sha256:06b17dc3c4172f9e0dfbe5603457b33ccb6cbe54b5122847bb22eb1073d6616b
 DEBUG [fa2dc053] 	deleted: sha256:7f40cefdd4d444e06f120088da8faeed137fb24e542b188fa281ec0add7855e7
 DEBUG [fa2dc053] 	deleted: sha256:84218f901afcac33603f1a78d48d96b7f6562a15502e475f7ef6f938bdb99b1a
 DEBUG [fa2dc053] 	deleted: sha256:37a760b5cd8755befe4ce4c1b1819509927d7c78100160edfe19573742ad68f1
 DEBUG [fa2dc053] 	deleted: sha256:24886c3675073ad7261a378f67a99d87a558c28019b73a3284004abfce68248a
 DEBUG [fa2dc053] 	deleted: sha256:1dcf959c74a901b1112ac86b9dd6d57aeb6fb5c00f68d5b04c5b95560c8121cf
 DEBUG [fa2dc053] 	deleted: sha256:22562401eca4965b5916cb8074e055a26373f385bea3e0f80b3b5f25ee8e605c
 DEBUG [fa2dc053] 	deleted: sha256:ef4938e96069d2cb431bba7f0554be7bfe805d52bb3c4b194516bb127853dadb
 DEBUG [fa2dc053] 	deleted: sha256:601c4e0fc7e38ea58bedda29ed1856aef10b28001a2cbbced3217d4ea3ccfdac
 DEBUG [fa2dc053] 	deleted: sha256:6f2da5daeea493ab449bc0eb374640ddeaac5f269ce3cd525f70a02e0745f28a
 DEBUG [fa2dc053] 	deleted: sha256:8f2020f3f67d87d745747352b4a5f3c870849002a8c9ec0633f32173cf7a2399
 DEBUG [fa2dc053] 	deleted: sha256:80fb87ac47e8ba1d0ac98c57faeedf507d95b93dcc0a67fcdc2185f6c3e6986d
 DEBUG [fa2dc053] 	deleted: sha256:3c80d384cffbeffccc49ca1b2784053757abd2c98e7d0a7d1fa941e55618efa2
 DEBUG [fa2dc053] 	deleted: sha256:f0bcc6d254d81b80a73d5d71c14646174721d0ce59378fa3549a02d37cf18e96
 DEBUG [fa2dc053] 	deleted: sha256:94d9d527dcc2041d2c85a5dca5924afe3167b914eb0bb2283deead9707e3a73c
 DEBUG [fa2dc053] 	deleted: sha256:055d339f8c77be047597bab013bef0056e2b6a414a1225b12539637dcb59482b
 DEBUG [fa2dc053] 	deleted: sha256:58136eb1ff2719ed3f6a8ef410a2989960f99a7988112e81017638b4527be1c4
 DEBUG [fa2dc053] 	deleted: sha256:e6d9e14c5186b2546854328eb17f83bb72690820379af71d8b4ad7a566e77085
 DEBUG [fa2dc053] 	deleted: sha256:81bea2e4eb39ed9ed1ceb0e8ca05cefbdc96bd0b38266c26990c1eb0ed528612
 DEBUG [fa2dc053] 	deleted: sha256:5707f840eb6421a463261e9f62c9fcc691facd718993a666d5c86751ebb57cc3
 DEBUG [fa2dc053] 	deleted: sha256:706c0c43e07bd77aba42160b0d0158297caec76c4da6566d856f28b1754f2265
 DEBUG [fa2dc053] 	deleted: sha256:0db06dff9d9aeb9bed4edde7bd772ad0f3aea497c129d48ed587664d098c6c41
 DEBUG [fa2dc053] 	untagged: nginx@sha256:50cf965a6e08ec5784009d0fccb380fc479826b6e0e65684d9879170a9df8566
 DEBUG [fa2dc053] 	untagged: localhost:5000/nginx@sha256:189cce606b29fb2a33ebc2fcecfa8e33b0b99740da4737133cdbcee92f3aba0a
 DEBUG [fa2dc053] 	deleted: sha256:231d40e811cd970168fb0c4770f2161aa30b9ba6fe8e68527504df69643aa145
 DEBUG [fa2dc053] 	deleted: sha256:dc8adf8fa0fc82a56c32efac9d0da5f84153888317c88ab55123d9e71777bc62
 DEBUG [fa2dc053] 	deleted: sha256:77fcff986d3b13762e4777046b9210a109fda20cb261bd3bbe5d7161d4e73c8e
 DEBUG [fa2dc053] 	deleted: sha256:831c5620387fb9efec59fc82a42b948546c6be601e3ab34a87108ecf852aa15f
 DEBUG [fa2dc053] 	untagged: mysql:latest
 DEBUG [fa2dc053] 	untagged: mysql@sha256:c93ba1bafd65888947f5cd8bd45deb7b996885ec2a16c574c530c389335e9169
 DEBUG [fa2dc053] 	deleted: sha256:d435eee2caa52800a0b534b130fd8f8a94f772f9ed08d0da1053fa3a1b7daad2
 DEBUG [fa2dc053] 	deleted: sha256:ae21db0dd817f30c04d5e9e0a70cfbfca2045f669df974330c783f841bc2740a
 DEBUG [fa2dc053] 	deleted: sha256:2f70a51b7bbcad0a31ada04cf0ce10a5d641e07146310cc63291aaff9dd31ba8
 DEBUG [fa2dc053] 	deleted: sha256:8fda2f97f253feba8c792344ad6d868e8a39fb2f826d1501f06511cc4ae49375
 DEBUG [fa2dc053] 	deleted: sha256:08b5c195e5fca4357318ac02c02f3795b3a860957c7a599fdb20b8e55ac23cf4
 DEBUG [fa2dc053] 	deleted: sha256:7d7dacacf6d1f13bd3594c7f9668cf0b41f3cac0cb6073614792a46cbcfceda7
 DEBUG [fa2dc053] 	deleted: sha256:716f31b2e8d6601d02f6b47152ae5014c53c1239bfc46fce1dae97e6c332e94c
 DEBUG [fa2dc053] 	deleted: sha256:b931154d48fa379790de00f12cb8ef69c4a2a0de1503a12de6524b13d4d81e15
 DEBUG [fa2dc053] 	deleted: sha256:23564e7a9d5d1538f334f9a6b05b8c5f140356a83fe818c3a2e60903196263e8
 DEBUG [fa2dc053] 	deleted: sha256:47bd75b99433b84ea120085de92e11cc2a77664be8be33db10542443dbb888e2
 DEBUG [fa2dc053] 	deleted: sha256:4122ef4cce751f9a349611026d962d7eefedea9af10939fe90b1d49670bb72bb
 DEBUG [fa2dc053] 	deleted: sha256:de2a383a7557d4bc8388ec86422dd01be3b1413dc55ee3f5e82342a226274392
 DEBUG [fa2dc053] 	deleted: sha256:99b5261d397c75b1de2c91f0c89f4e6f287248669b72de6cb143e82ea67ad056
 DEBUG [fa2dc053] 	untagged: docker-prod.fidor.intern:5000/fidor/mavv:latest
 DEBUG [fa2dc053] 	untagged: docker-prod.fidor.intern:5000/fidor/mavv@sha256:64a4feca8eb5a6c78abd30378fe244387d4d2fd4fe24c5f33fe74e2314d2e823
 DEBUG [fa2dc053] 	untagged: hub.fidor.intern/fidor/mavv:latest
 DEBUG [fa2dc053] 	untagged: hub.fidor.intern/fidor/mavv:v1.9.13
 DEBUG [fa2dc053] 	untagged: hub.fidor.intern/fidor/mavv@sha256:64a4feca8eb5a6c78abd30378fe244387d4d2fd4fe24c5f33fe74e2314d2e823
 DEBUG [fa2dc053] 	deleted: sha256:829d61662f2d9967cd597121e6530ff5784bc11f1a765d876213f78b7e2c5422
 DEBUG [fa2dc053] 	deleted: sha256:53dd8317548d543cec975c91770e211966a162a51b7401287fe8e8198498d4c8
 DEBUG [fa2dc053] 	deleted: sha256:e2ad4505baac368aa044bf81510ed7bef16540c058ff78ac94edec12154bc0c5
 DEBUG [fa2dc053] 	deleted: sha256:45548e41e6c499d99d96e026e8d679de61c0a6cc80ed231674ef315487cb5645
 DEBUG [fa2dc053] 	
 DEBUG [fa2dc053] 	Total reclaimed space: 6.365GB
  INFO [fa2dc053] Finished in 72.318 seconds with exit status 0 (successful).
  INFO [d644bed2] Running /usr/bin/env rm /tmp/ORCA_SSH_SCRIPT_* as shihadeh@localhost
 DEBUG [d644bed2] Command: /usr/bin/env rm /tmp/ORCA_SSH_SCRIPT_*
  INFO [d644bed2] Finished in 0.016 seconds with exit status 0 (successful).
 DEBUG [2a32cb10] Running mktemp /tmp/ORCA_SSH_SCRIPT_pull_docker_image_mysql_XXXXXXX as shihadeh@localhost
 DEBUG [2a32cb10] Command: mktemp /tmp/ORCA_SSH_SCRIPT_pull_docker_image_mysql_XXXXXXX
 DEBUG [2a32cb10] 	/tmp/ORCA_SSH_SCRIPT_pull_docker_image_mysql_84HjkEW
 DEBUG [2a32cb10] Finished in 0.006 seconds with exit status 0 (successful).
  INFO [96c0203e] Running /usr/bin/env bash /tmp/ORCA_SSH_SCRIPT_pull_docker_image_mysql_84HjkEW as shihadeh@localhost
 DEBUG [96c0203e] Command: ( export ENCRYPTION_KEY="" ; /usr/bin/env bash /tmp/ORCA_SSH_SCRIPT_pull_docker_image_mysql_84HjkEW )
 DEBUG [96c0203e] 	Pull mysql docker image mysql/mysql-server:5.7
 DEBUG [96c0203e] 	5.7: Pulling from mysql/mysql-server
 DEBUG [96c0203e] 	a316717fc6ee: Pulling fs layer
 DEBUG [96c0203e] 	b64762744f75: Pulling fs layer
 DEBUG [96c0203e] 	a1f742e3aa43: Pulling fs layer
 DEBUG [96c0203e] 	f71a5f0dcc26: Pulling fs layer
 DEBUG [96c0203e] 	f71a5f0dcc26: Waiting
 DEBUG [96c0203e] 	a1f742e3aa43: Verifying Checksum
 DEBUG [96c0203e] 	a1f742e3aa43: Download complete
 DEBUG [96c0203e] 	f71a5f0dcc26: Verifying Checksum
 DEBUG [96c0203e] 	f71a5f0dcc26: Download complete
 DEBUG [96c0203e] 	a316717fc6ee: Verifying Checksum
 DEBUG [96c0203e] 	a316717fc6ee: Download complete
 DEBUG [96c0203e] 	a316717fc6ee: Pull complete
 DEBUG [96c0203e] 	b64762744f75: Verifying Checksum
 DEBUG [96c0203e] 	b64762744f75: Download complete
 DEBUG [96c0203e] 	b64762744f75: Pull complete
 DEBUG [96c0203e] 	a1f742e3aa43: Pull complete
 DEBUG [96c0203e] 	f71a5f0dcc26: Pull complete
 DEBUG [96c0203e] 	Digest: sha256:5396bc60a6c08abb6b7e8350b255324a91ee9f3ea11f009aea3e4b61ead38bf6
 DEBUG [96c0203e] 	Status: Downloaded newer image for mysql/mysql-server:5.7
 DEBUG [96c0203e] 	docker.io/mysql/mysql-server:5.7
  INFO [96c0203e] Finished in 110.914 seconds with exit status 0 (successful).
  INFO [0747c7b0] Running /usr/bin/env rm /tmp/ORCA_SSH_SCRIPT_* as shihadeh@localhost
 DEBUG [0747c7b0] Command: /usr/bin/env rm /tmp/ORCA_SSH_SCRIPT_*
  INFO [0747c7b0] Finished in 0.015 seconds with exit status 0 (successful).
 DEBUG [9034deef] Running mktemp /tmp/ORCA_SSH_SCRIPT_genrate_stack_mysql_XXXXXXX as shihadeh@localhost
 DEBUG [9034deef] Command: mktemp /tmp/ORCA_SSH_SCRIPT_genrate_stack_mysql_XXXXXXX
 DEBUG [9034deef] 	/tmp/ORCA_SSH_SCRIPT_genrate_stack_mysql_FOpdyDz
 DEBUG [9034deef] Finished in 0.006 seconds with exit status 0 (successful).
  INFO [f330cde8] Running /usr/bin/env bash /tmp/ORCA_SSH_SCRIPT_genrate_stack_mysql_FOpdyDz as shihadeh@localhost
 DEBUG [f330cde8] Command: ( export ENCRYPTION_KEY="" ; /usr/bin/env bash /tmp/ORCA_SSH_SCRIPT_genrate_stack_mysql_FOpdyDz )
  INFO [f330cde8] Finished in 0.456 seconds with exit status 0 (successful).
  INFO [d3b61764] Running /usr/bin/env rm /tmp/ORCA_SSH_SCRIPT_* as shihadeh@localhost
 DEBUG [d3b61764] Command: /usr/bin/env rm /tmp/ORCA_SSH_SCRIPT_*
  INFO [d3b61764] Finished in 0.010 seconds with exit status 0 (successful).
 DEBUG [933cc20b] Running mktemp /tmp/ORCA_SSH_SCRIPT_deploy_mysql_XXXXXXX as shihadeh@localhost
 DEBUG [933cc20b] Command: mktemp /tmp/ORCA_SSH_SCRIPT_deploy_mysql_XXXXXXX
 DEBUG [933cc20b] 	/tmp/ORCA_SSH_SCRIPT_deploy_mysql_rG4LNBd
 DEBUG [933cc20b] Finished in 0.004 seconds with exit status 0 (successful).
  INFO [fe95baa2] Running /usr/bin/env bash /tmp/ORCA_SSH_SCRIPT_deploy_mysql_rG4LNBd as shihadeh@localhost
 DEBUG [fe95baa2] Command: ( export ENCRYPTION_KEY="" ; /usr/bin/env bash /tmp/ORCA_SSH_SCRIPT_deploy_mysql_rG4LNBd )
 DEBUG [fe95baa2] 	Creating service mysql_mysql
  INFO [fe95baa2] Finished in 3.936 seconds with exit status 0 (successful).
  INFO [da2d6ba3] Running /usr/bin/env rm /tmp/ORCA_SSH_SCRIPT_* as shihadeh@localhost
 DEBUG [da2d6ba3] Command: /usr/bin/env rm /tmp/ORCA_SSH_SCRIPT_*
  INFO [da2d6ba3] Finished in 0.011 seconds with exit status 0 (successful).
 DEBUG [808dbd37] Running mktemp /tmp/ORCA_SSH_SCRIPT_build_image_nginx_XXXXXXX as shihadeh@localhost
 DEBUG [808dbd37] Command: mktemp /tmp/ORCA_SSH_SCRIPT_build_image_nginx_XXXXXXX
 DEBUG [808dbd37] 	/tmp/ORCA_SSH_SCRIPT_build_image_nginx_lwGJRgZ
 DEBUG [808dbd37] Finished in 0.004 seconds with exit status 0 (successful).
  INFO [4ae5914c] Running /usr/bin/env bash /tmp/ORCA_SSH_SCRIPT_build_image_nginx_lwGJRgZ as shihadeh@localhost
 DEBUG [4ae5914c] Command: ( export ENCRYPTION_KEY="" ; /usr/bin/env bash /tmp/ORCA_SSH_SCRIPT_build_image_nginx_lwGJRgZ )
 DEBUG [4ae5914c] 	sha256:61950404a72e353eb777b53c8f119c47307d1372a553ca463c1799b67380850b
 DEBUG [4ae5914c] 	The push refers to repository [docker.io/library/nginx]
 DEBUG [4ae5914c] 	292d6abe9b77: Preparing
 DEBUG [4ae5914c] 	4fc1aa8003a3: Preparing
 DEBUG [4ae5914c] 	5fb987d2e54d: Preparing
 DEBUG [4ae5914c] 	831c5620387f: Preparing
 DEBUG [4ae5914c] 	denied: requested access to the resource is denied
  INFO [4ae5914c] Finished in 57.692 seconds with exit status 0 (successful).
  INFO [c525cfe1] Running /usr/bin/env rm /tmp/ORCA_SSH_SCRIPT_* as shihadeh@localhost
 DEBUG [c525cfe1] Command: /usr/bin/env rm /tmp/ORCA_SSH_SCRIPT_*
  INFO [c525cfe1] Finished in 0.012 seconds with exit status 0 (successful).
 DEBUG [2ac388d3] Running mktemp /tmp/ORCA_SSH_SCRIPT_pull_docker_image_nginx_XXXXXXX as shihadeh@localhost
 DEBUG [2ac388d3] Command: mktemp /tmp/ORCA_SSH_SCRIPT_pull_docker_image_nginx_XXXXXXX
 DEBUG [2ac388d3] 	/tmp/ORCA_SSH_SCRIPT_pull_docker_image_nginx_nMnBRom
 DEBUG [2ac388d3] Finished in 0.005 seconds with exit status 0 (successful).
  INFO [636a0243] Running /usr/bin/env bash /tmp/ORCA_SSH_SCRIPT_pull_docker_image_nginx_nMnBRom as shihadeh@localhost
 DEBUG [636a0243] Command: ( export ENCRYPTION_KEY="" ; /usr/bin/env bash /tmp/ORCA_SSH_SCRIPT_pull_docker_image_nginx_nMnBRom )
 DEBUG [636a0243] 	Pull nginx docker image nginx:latest
 DEBUG [636a0243] 	latest: Pulling from library/nginx
 DEBUG [636a0243] 	Digest: sha256:50cf965a6e08ec5784009d0fccb380fc479826b6e0e65684d9879170a9df8566
 DEBUG [636a0243] 	Status: Downloaded newer image for nginx:latest
 DEBUG [636a0243] 	docker.io/library/nginx:latest
  INFO [636a0243] Finished in 2.941 seconds with exit status 0 (successful).
  INFO [f7eabe12] Running /usr/bin/env rm /tmp/ORCA_SSH_SCRIPT_* as shihadeh@localhost
 DEBUG [f7eabe12] Command: /usr/bin/env rm /tmp/ORCA_SSH_SCRIPT_*
  INFO [f7eabe12] Finished in 0.011 seconds with exit status 0 (successful).
 DEBUG [626c76cd] Running mktemp /tmp/ORCA_SSH_SCRIPT_genrate_stack_nginx_XXXXXXX as shihadeh@localhost
 DEBUG [626c76cd] Command: mktemp /tmp/ORCA_SSH_SCRIPT_genrate_stack_nginx_XXXXXXX
 DEBUG [626c76cd] 	/tmp/ORCA_SSH_SCRIPT_genrate_stack_nginx_3aRn5l8
 DEBUG [626c76cd] Finished in 0.005 seconds with exit status 0 (successful).
  INFO [aec64e13] Running /usr/bin/env bash /tmp/ORCA_SSH_SCRIPT_genrate_stack_nginx_3aRn5l8 as shihadeh@localhost
 DEBUG [aec64e13] Command: ( export ENCRYPTION_KEY="" ; /usr/bin/env bash /tmp/ORCA_SSH_SCRIPT_genrate_stack_nginx_3aRn5l8 )
  INFO [aec64e13] Finished in 0.268 seconds with exit status 0 (successful).
  INFO [5c4060c9] Running /usr/bin/env rm /tmp/ORCA_SSH_SCRIPT_* as shihadeh@localhost
 DEBUG [5c4060c9] Command: /usr/bin/env rm /tmp/ORCA_SSH_SCRIPT_*
  INFO [5c4060c9] Finished in 0.011 seconds with exit status 0 (successful).
 DEBUG [c644760f] Running mktemp /tmp/ORCA_SSH_SCRIPT_deploy_nginx_XXXXXXX as shihadeh@localhost
 DEBUG [c644760f] Command: mktemp /tmp/ORCA_SSH_SCRIPT_deploy_nginx_XXXXXXX
 DEBUG [c644760f] 	/tmp/ORCA_SSH_SCRIPT_deploy_nginx_ixRlmXM
 DEBUG [c644760f] Finished in 0.005 seconds with exit status 0 (successful).
  INFO [525e6d31] Running /usr/bin/env bash /tmp/ORCA_SSH_SCRIPT_deploy_nginx_ixRlmXM as shihadeh@localhost
 DEBUG [525e6d31] Command: ( export ENCRYPTION_KEY="" ; /usr/bin/env bash /tmp/ORCA_SSH_SCRIPT_deploy_nginx_ixRlmXM )
 DEBUG [525e6d31] 	Creating service nginx_nginx
  INFO [525e6d31] Finished in 2.733 seconds with exit status 0 (successful).
  INFO [05e26e7c] Running /usr/bin/env rm /tmp/ORCA_SSH_SCRIPT_* as shihadeh@localhost
 DEBUG [05e26e7c] Command: /usr/bin/env rm /tmp/ORCA_SSH_SCRIPT_*
  INFO [05e26e7c] Finished in 0.013 seconds with exit status 0 (successful).
